<?xml version="1.0" encoding="UTF-8"?>
<!-- Generated by org.testng.reporters.JUnitReportReporter -->
<testsuite hostname="KCs-Life" failures="0" tests="4" name="runner.RunCuke" time="0.171" errors="0" timestamp="2024-07-08T12:20:52 BST" skipped="0">
  <testcase classname="runner.RunCuke" name="runScenario" time="0.144"/>
  <testcase classname="runner.RunCuke" name="runScenario" time="0.015"/>
  <testcase classname="runner.RunCuke" name="runScenario" time="0.005"/>
  <testcase classname="runner.RunCuke" name="runScenario" time="0.007"/>
</testsuite> <!-- runner.RunCuke -->
