<?xml version="1.0" encoding="UTF-8"?>
<!-- Generated by org.testng.reporters.JUnitReportReporter -->
<testsuite hostname="KCs-Life" failures="0" tests="4" name="runner.RunCuke" time="0.177" errors="0" timestamp="2024-07-08T17:27:43 BST" skipped="0">
  <testcase classname="runner.RunCuke" name="runScenario" time="0.007"/>
  <testcase classname="runner.RunCuke" name="runScenario" time="0.145"/>
  <testcase classname="runner.RunCuke" name="runScenario" time="0.013"/>
  <testcase classname="runner.RunCuke" name="runScenario" time="0.012"/>
</testsuite> <!-- runner.RunCuke -->
